{
  "uid" : "b9ad7574dac5fa56",
  "name" : "Create post",
  "fullName" : "tests.user_tests.test_example.TestExample#test_create_post",
  "historyId" : "05b3f6d2208bc9cb1280b456aa0ade5d",
  "time" : {
    "start" : 1732643251830,
    "stop" : 1732643254472,
    "duration" : 2642
  },
  "status" : "failed",
  "statusMessage" : "AssertionError: assert 'Тема' == 2",
  "statusTrace" : "self = <test_example.TestExample object at 0x7f361d4db9d0>, role = 'admin'\nmessage = \"I'm ADMIN\"\n\n    @allure.title(\"Create post\")\n    @pytest.mark.parametrize(\n        \"role, message\", [\n            # (\"user\", \"I'm USER\"),\n            (\"admin\", \"I'm ADMIN\"),\n        ]\n    )\n    def test_create_post(self, role, message):\n        self.login_page.open()\n        self.login_page.login_as(role)\n        self.home_page.write_post(message)\n        self.home_page.post()\n        if role == \"admin\":\n            self.home_page.mark_post_as_admin()\n>       assert \"Тема\" == 2\nE       AssertionError: assert 'Тема' == 2\n\ntests/user_tests/test_example.py:79: AssertionError",
  "flaky" : false,
  "newFailed" : false,
  "beforeStages" : [ {
    "name" : "driver",
    "time" : {
      "start" : 1732643250981,
      "stop" : 1732643251828,
      "duration" : 847
    },
    "status" : "passed",
    "steps" : [ ],
    "attachments" : [ ],
    "parameters" : [ ],
    "attachmentsCount" : 0,
    "shouldDisplayMessage" : false,
    "stepsCount" : 0,
    "hasContent" : false
  }, {
    "name" : "_xunit_setup_method_fixture_TestExample",
    "time" : {
      "start" : 1732643251829,
      "stop" : 1732643251829,
      "duration" : 0
    },
    "status" : "passed",
    "steps" : [ ],
    "attachments" : [ ],
    "parameters" : [ ],
    "attachmentsCount" : 0,
    "shouldDisplayMessage" : false,
    "stepsCount" : 0,
    "hasContent" : false
  } ],
  "testStage" : {
    "status" : "failed",
    "statusMessage" : "AssertionError: assert 'Тема' == 2",
    "statusTrace" : "self = <test_example.TestExample object at 0x7f361d4db9d0>, role = 'admin'\nmessage = \"I'm ADMIN\"\n\n    @allure.title(\"Create post\")\n    @pytest.mark.parametrize(\n        \"role, message\", [\n            # (\"user\", \"I'm USER\"),\n            (\"admin\", \"I'm ADMIN\"),\n        ]\n    )\n    def test_create_post(self, role, message):\n        self.login_page.open()\n        self.login_page.login_as(role)\n        self.home_page.write_post(message)\n        self.home_page.post()\n        if role == \"admin\":\n            self.home_page.mark_post_as_admin()\n>       assert \"Тема\" == 2\nE       AssertionError: assert 'Тема' == 2\n\ntests/user_tests/test_example.py:79: AssertionError",
    "steps" : [ {
      "name" : "Open page: https://demo.opensource-socialnetwork.org/login",
      "time" : {
        "start" : 1732643251830,
        "stop" : 1732643252124,
        "duration" : 294
      },
      "status" : "passed",
      "steps" : [ ],
      "attachments" : [ ],
      "parameters" : [ ],
      "attachmentsCount" : 0,
      "shouldDisplayMessage" : false,
      "stepsCount" : 0,
      "hasContent" : false
    }, {
      "name" : "Login as admin",
      "time" : {
        "start" : 1732643252124,
        "stop" : 1732643253917,
        "duration" : 1793
      },
      "status" : "passed",
      "steps" : [ ],
      "attachments" : [ ],
      "parameters" : [ ],
      "attachmentsCount" : 0,
      "shouldDisplayMessage" : false,
      "stepsCount" : 0,
      "hasContent" : false
    }, {
      "name" : "Write new post",
      "time" : {
        "start" : 1732643253917,
        "stop" : 1732643254377,
        "duration" : 460
      },
      "status" : "passed",
      "steps" : [ ],
      "attachments" : [ {
        "uid" : "c4adf9165f9771ff",
        "name" : "example",
        "source" : "c4adf9165f9771ff.png",
        "type" : "image/png",
        "size" : 269927
      } ],
      "parameters" : [ {
        "name" : "text",
        "value" : "'I'm ADMIN'"
      } ],
      "attachmentsCount" : 1,
      "shouldDisplayMessage" : false,
      "stepsCount" : 0,
      "hasContent" : true
    }, {
      "name" : "Post",
      "time" : {
        "start" : 1732643254377,
        "stop" : 1732643254471,
        "duration" : 94
      },
      "status" : "passed",
      "steps" : [ ],
      "attachments" : [ ],
      "parameters" : [ ],
      "attachmentsCount" : 0,
      "shouldDisplayMessage" : false,
      "stepsCount" : 0,
      "hasContent" : false
    }, {
      "name" : "Mark post as admin",
      "time" : {
        "start" : 1732643254472,
        "stop" : 1732643254472,
        "duration" : 0
      },
      "status" : "passed",
      "steps" : [ ],
      "attachments" : [ ],
      "parameters" : [ ],
      "attachmentsCount" : 0,
      "shouldDisplayMessage" : false,
      "stepsCount" : 0,
      "hasContent" : false
    } ],
    "attachments" : [ ],
    "parameters" : [ ],
    "attachmentsCount" : 1,
    "shouldDisplayMessage" : true,
    "stepsCount" : 5,
    "hasContent" : true
  },
  "afterStages" : [ {
    "name" : "driver::0",
    "time" : {
      "start" : 1732643254500,
      "stop" : 1732643254575,
      "duration" : 75
    },
    "status" : "passed",
    "steps" : [ ],
    "attachments" : [ ],
    "parameters" : [ ],
    "attachmentsCount" : 0,
    "shouldDisplayMessage" : false,
    "stepsCount" : 0,
    "hasContent" : false
  }, {
    "name" : "_xunit_setup_method_fixture_TestExample::0",
    "time" : {
      "start" : 1732643254500,
      "stop" : 1732643254500,
      "duration" : 0
    },
    "status" : "passed",
    "steps" : [ ],
    "attachments" : [ ],
    "parameters" : [ ],
    "attachmentsCount" : 0,
    "shouldDisplayMessage" : false,
    "stepsCount" : 0,
    "hasContent" : false
  } ],
  "labels" : [ {
    "name" : "parentSuite",
    "value" : "tests.user_tests"
  }, {
    "name" : "suite",
    "value" : "test_example"
  }, {
    "name" : "subSuite",
    "value" : "TestExample"
  }, {
    "name" : "host",
    "value" : "8d2e99c060c0"
  }, {
    "name" : "thread",
    "value" : "1-MainThread"
  }, {
    "name" : "framework",
    "value" : "pytest"
  }, {
    "name" : "language",
    "value" : "cpython3"
  }, {
    "name" : "package",
    "value" : "tests.user_tests.test_example"
  }, {
    "name" : "resultFormat",
    "value" : "allure2"
  } ],
  "parameters" : [ {
    "name" : "message",
    "value" : "'I'm ADMIN'"
  }, {
    "name" : "role",
    "value" : "'admin'"
  } ],
  "links" : [ ],
  "hidden" : false,
  "retry" : false,
  "extra" : {
    "severity" : "normal",
    "retries" : [ ],
    "categories" : [ {
      "name" : "Product defects",
      "matchedStatuses" : [ ],
      "flaky" : false
    } ],
    "history" : {
      "statistic" : {
        "failed" : 2,
        "broken" : 0,
        "skipped" : 0,
        "passed" : 0,
        "unknown" : 0,
        "total" : 2
      },
      "items" : [ {
        "uid" : "aee28b54fa4ca9a7",
        "reportUrl" : "https://manikosto.github.io/focking-automation-docker//#testresult/aee28b54fa4ca9a7",
        "status" : "failed",
        "statusDetails" : "AssertionError: assert 'Тема' == 2",
        "time" : {
          "start" : 1732643078928,
          "stop" : 1732643082165,
          "duration" : 3237
        }
      } ]
    },
    "tags" : [ ]
  },
  "source" : "b9ad7574dac5fa56.json",
  "parameterValues" : [ "'I'm ADMIN'", "'admin'" ]
}